{"/Users/linqiaosen/Desktop/domo/staging-demo-i/login.page.js": {"path":"/Users/linqiaosen/Desktop/domo/staging-demo-i/login.page.js","statementMap":{"0":{"start":{"line":1,"column":13},"end":{"line":1,"column":30}},"1":{"start":{"line":10,"column":27},"end":{"line":10,"column":48}},"2":{"start":{"line":11,"column":27},"end":{"line":11,"column":48}},"3":{"start":{"line":12,"column":23},"end":{"line":12,"column":56}},"4":{"start":{"line":19,"column":8},"end":{"line":19,"column":52}},"5":{"start":{"line":20,"column":8},"end":{"line":20,"column":52}},"6":{"start":{"line":21,"column":8},"end":{"line":21,"column":37}},"7":{"start":{"line":28,"column":8},"end":{"line":28,"column":35}},"8":{"start":{"line":32,"column":0},"end":{"line":32,"column":33}}},"fnMap":{"0":{"name":"(anonymous_0)","decl":{"start":{"line":10,"column":4},"end":{"line":10,"column":5}},"loc":{"start":{"line":10,"column":25},"end":{"line":10,"column":50}},"line":10},"1":{"name":"(anonymous_1)","decl":{"start":{"line":11,"column":4},"end":{"line":11,"column":5}},"loc":{"start":{"line":11,"column":25},"end":{"line":11,"column":50}},"line":11},"2":{"name":"(anonymous_2)","decl":{"start":{"line":12,"column":4},"end":{"line":12,"column":5}},"loc":{"start":{"line":12,"column":21},"end":{"line":12,"column":58}},"line":12},"3":{"name":"(anonymous_3)","decl":{"start":{"line":18,"column":4},"end":{"line":18,"column":5}},"loc":{"start":{"line":18,"column":37},"end":{"line":22,"column":5}},"line":18},"4":{"name":"(anonymous_4)","decl":{"start":{"line":27,"column":4},"end":{"line":27,"column":5}},"loc":{"start":{"line":27,"column":12},"end":{"line":29,"column":5}},"line":27}},"branchMap":{},"s":{"0":1,"1":0,"2":0,"3":0,"4":0,"5":0,"6":0,"7":1,"8":1},"f":{"0":0,"1":0,"2":0,"3":0,"4":1},"b":{},"_coverageSchema":"1a1c01bbd47fc00a2c39e90264f33305004495a9","hash":"7c8bef660f6afc1f24e414feb0cb68d7249d52e3"}
,"/Users/linqiaosen/Desktop/domo/staging-demo-i/page.js": {"path":"/Users/linqiaosen/Desktop/domo/staging-demo-i/page.js","statementMap":{"0":{"start":{"line":5,"column":0},"end":{"line":13,"column":1}},"1":{"start":{"line":11,"column":8},"end":{"line":11,"column":72}}},"fnMap":{"0":{"name":"(anonymous_0)","decl":{"start":{"line":10,"column":4},"end":{"line":10,"column":5}},"loc":{"start":{"line":10,"column":16},"end":{"line":12,"column":5}},"line":10}},"branchMap":{},"s":{"0":1,"1":1},"f":{"0":1},"b":{},"_coverageSchema":"1a1c01bbd47fc00a2c39e90264f33305004495a9","hash":"92be46dfff092f6ae31b08e0d9684137f7541292"}
,"/Users/linqiaosen/Desktop/domo/staging-demo-i/secure.page.js": {"path":"/Users/linqiaosen/Desktop/domo/staging-demo-i/secure.page.js","statementMap":{"0":{"start":{"line":1,"column":13},"end":{"line":1,"column":30}},"1":{"start":{"line":10,"column":24},"end":{"line":10,"column":42}},"2":{"start":{"line":13,"column":0},"end":{"line":13,"column":34}}},"fnMap":{"0":{"name":"(anonymous_0)","decl":{"start":{"line":10,"column":4},"end":{"line":10,"column":5}},"loc":{"start":{"line":10,"column":22},"end":{"line":10,"column":44}},"line":10}},"branchMap":{},"s":{"0":1,"1":0,"2":1},"f":{"0":0},"b":{},"_coverageSchema":"1a1c01bbd47fc00a2c39e90264f33305004495a9","hash":"f31fadc4bbb71945460a5314678682e7da074f17"}
,"/Users/linqiaosen/Desktop/domo/staging-demo-i/server/config/stocksData.js": {"path":"/Users/linqiaosen/Desktop/domo/staging-demo-i/server/config/stocksData.js","statementMap":{"0":{"start":{"line":1,"column":0},"end":{"line":191,"column":2}},"1":{"start":{"line":198,"column":2},"end":{"line":198,"column":39}},"2":{"start":{"line":200,"column":0},"end":{"line":200,"column":31}}},"fnMap":{"0":{"name":"getstockprice","decl":{"start":{"line":197,"column":9},"end":{"line":197,"column":22}},"loc":{"start":{"line":197,"column":35},"end":{"line":199,"column":1}},"line":197}},"branchMap":{},"s":{"0":1,"1":1,"2":1},"f":{"0":1},"b":{},"_coverageSchema":"1a1c01bbd47fc00a2c39e90264f33305004495a9","hash":"1c30f18036f7593b45b8110cce0cfa817f758707"}
}
